<?xml version="1.0" encoding="UTF-8"?>
<!-- Generated by org.testng.reporters.JUnitXMLReporter -->
<testsuite ignored="0" hostname="DESKTOP-GDOR9DN" failures="0" tests="3" name="MsEdgeBrowser(failed)(failed)" time="41.299" errors="0" timestamp="2022-07-14T14:38:15 IST">
  <testcase classname="testNGFB.FacebookApplicationTestNG" name="verifyWatchLive" time="1.676"/>
  <testcase classname="testNGFB.FacebookApplicationTestNG" name="verifyFriendsURL" time="3.669"/>
  <testcase classname="testNGFB.FacebookApplicationTestNG" name="verifyMarketPlace" time="1.983"/>
</testsuite> <!-- MsEdgeBrowser(failed)(failed) -->
