<?xml version="1.0" encoding="UTF-8"?>
<!-- Generated by org.testng.reporters.JUnitXMLReporter -->
<testsuite ignored="0" hostname="DESKTOP-GDOR9DN" failures="0" tests="5" name="Chrome" time="78.103" errors="0" timestamp="2022-06-29T17:44:22 IST">
  <testcase classname="testNGFB.FacebookApplicationTestNG" name="verifyWatchLive" time="1.719"/>
  <testcase classname="testNGFB.FacebookApplicationTestNG" name="verifyFriendsURL" time="3.455"/>
  <testcase classname="testNGFB.FacebookApplicationTestNG" name="verifyMarketPlace" time="1.914"/>
  <testcase classname="testNGFB.HomeFBVerification" name="homeFB" time="5.525"/>
  <testcase classname="testNGFB.HomeFBVerification" name="verifyMarketPlace" time="1.565"/>
</testsuite> <!-- Chrome -->
