<?xml version="1.0" encoding="UTF-8"?>
<!-- Generated by org.testng.reporters.JUnitXMLReporter -->
<testsuite ignored="0" hostname="DESKTOP-GDOR9DN" failures="0" tests="3" name="EdgeBrowser" time="50.496" errors="0" timestamp="2022-06-30T11:41:58 IST">
  <testcase classname="testNGFB.FacebookApplicationTestNG" name="verifyWatchLive" time="2.006"/>
  <testcase classname="testNGFB.FacebookApplicationTestNG" name="verifyFriendsURL" time="3.66"/>
  <testcase classname="testNGFB.FacebookApplicationTestNG" name="verifyMarketPlace" time="1.49"/>
</testsuite> <!-- EdgeBrowser -->
