<?xml version="1.0" encoding="UTF-8"?>
<!-- Generated by org.testng.reporters.JUnitXMLReporter -->
<testsuite ignored="0" hostname="DESKTOP-GDOR9DN" failures="0" tests="5" name="Firefox" time="75.906" errors="0" timestamp="2022-06-29T17:45:38 IST">
  <testcase classname="testNGFB.FacebookApplicationTestNG" name="verifyWatchLive" time="2.154"/>
  <testcase classname="testNGFB.FacebookApplicationTestNG" name="verifyFriendsURL" time="3.445"/>
  <testcase classname="testNGFB.FacebookApplicationTestNG" name="verifyMarketPlace" time="1.807"/>
  <testcase classname="testNGFB.HomeFBVerification" name="homeFB" time="5.54"/>
  <testcase classname="testNGFB.HomeFBVerification" name="verifyMarketPlace" time="1.645"/>
</testsuite> <!-- Firefox -->
