<?xml version="1.0" encoding="UTF-8"?>
<!-- Generated by org.testng.reporters.JUnitXMLReporter -->
<testsuite ignored="0" hostname="DESKTOP-GDOR9DN" failures="0" tests="3" name="MsEdgeBrowser" time="41.743" errors="0" timestamp="2022-07-08T21:15:43 IST">
  <testcase classname="testNGFB.FacebookApplicationTestNG" name="verifyWatchLive" time="1.331"/>
  <testcase classname="testNGFB.FacebookApplicationTestNG" name="verifyFriendsURL" time="3.753"/>
  <testcase classname="testNGFB.FacebookApplicationTestNG" name="verifyMarketPlace" time="1.322"/>
</testsuite> <!-- MsEdgeBrowser -->
