<?xml version="1.0" encoding="UTF-8"?>
<!-- Generated by org.testng.reporters.JUnitXMLReporter -->
<testsuite ignored="0" hostname="DESKTOP-GDOR9DN" failures="3" tests="3" name="MsEdgeBrowser(failed)" time="52.634" errors="0" timestamp="2022-07-14T14:35:38 IST">
  <testcase classname="testNGFB.FacebookApplicationTestNG" name="verifyWatchLive" time="1.812">
    <failure type="java.lang.AssertionError" message="Watch the facebook expected [Watch | Facebook] but found [(6) Watch | Facebook]">
      <![CDATA[java.lang.AssertionError: Watch the facebook expected [Watch | Facebook] but found [(6) Watch | Facebook]
at testNGFB.FacebookApplicationTestNG.verifyWatchLive(FacebookApplicationTestNG.java:109)
at java.base/java.util.ArrayList.forEach(ArrayList.java:1511)
... Removed 32 stack frames]]>
    </failure>
  </testcase> <!-- verifyWatchLive -->
  <testcase classname="testNGFB.FacebookApplicationTestNG" name="verifyFriendsURL" time="3.933">
    <failure type="java.lang.AssertionError" message="expected [Friend requests | Facebook] but found [(6) Friend requests | Facebook]">
      <![CDATA[java.lang.AssertionError: expected [Friend requests | Facebook] but found [(6) Friend requests | Facebook]
at testNGFB.FacebookApplicationTestNG.verifyFriendsURL(FacebookApplicationTestNG.java:95)
at java.base/java.util.ArrayList.forEach(ArrayList.java:1511)
... Removed 33 stack frames]]>
    </failure>
  </testcase> <!-- verifyFriendsURL -->
  <testcase classname="testNGFB.FacebookApplicationTestNG" name="verifyMarketPlace" time="1.654">
    <failure type="java.lang.AssertionError" message="expected [Facebook Marketplace | Facebook] but found [(6) Facebook Marketplace | Facebook]">
      <![CDATA[java.lang.AssertionError: expected [Facebook Marketplace | Facebook] but found [(6) Facebook Marketplace | Facebook]
at testNGFB.FacebookApplicationTestNG.verifyMarketPlace(FacebookApplicationTestNG.java:126)
at java.base/java.util.ArrayList.forEach(ArrayList.java:1511)
... Removed 33 stack frames]]>
    </failure>
  </testcase> <!-- verifyMarketPlace -->
</testsuite> <!-- MsEdgeBrowser(failed) -->
